<?xml version="1.0" encoding="UTF-8"?>
<!-- Generated by org.testng.reporters.JUnitReportReporter -->
<testsuite hostname="CLOUDDB" failures="0" tests="3" name="tests.PutPatchDelete_examples" time="2.072" errors="0" timestamp="18 Nov 2021 10:40:25 GMT">
  <testcase classname="tests.PutPatchDelete_examples" name="testPut" time="0.220"/>
  <testcase classname="tests.PutPatchDelete_examples" name="testDelete" time="1.520"/>
  <testcase classname="tests.PutPatchDelete_examples" name="testPatch" time="0.332"/>
</testsuite> <!-- tests.PutPatchDelete_examples -->
