<?xml version="1.0" encoding="UTF-8"?>
<!-- Generated by org.testng.reporters.JUnitReportReporter -->
<testsuite hostname="CLOUDDB" failures="0" tests="2" name="tests.TestExamples2_static" time="2.097" errors="0" timestamp="17 Nov 2021 11:44:14 GMT">
  <testcase classname="tests.TestExamples2_static" name="test_2" time="0.747"/>
  <testcase classname="tests.TestExamples2_static" name="test_1" time="1.350"/>
</testsuite> <!-- tests.TestExamples2_static -->
