<?xml version="1.0" encoding="UTF-8"?>
<!-- Generated by org.testng.reporters.JUnitReportReporter -->
<testsuite hostname="CLOUDDB" failures="0" tests="2" name="tests.GetAndPost_examples" time="2.842" errors="0" timestamp="17 Nov 2021 17:19:17 GMT">
  <testcase classname="tests.GetAndPost_examples" name="testPost" time="0.272"/>
  <testcase classname="tests.GetAndPost_examples" name="testGet" time="2.570"/>
</testsuite> <!-- tests.GetAndPost_examples -->
